time="2022-11-27T18:53:11+03:00" level=info func="config.go:42" file="github.com/ohdaddyplease/notes/api_service/internal/config.GetConfig.func1()"
time="2022-11-27T18:53:11+03:00" level=fatal msg="open config.yml: no such file or directory" func="config.go:43" file="github.com/ohdaddyplease/notes/api_service/internal/config.GetConfig.func1()"
time="2022-11-27T18:56:16+03:00" level=info func="config.go:42" file="github.com/ohdaddyplease/notes/api_service/internal/config.GetConfig.func1()"
time="2022-11-27T18:56:16+03:00" level=fatal msg="open ../cmd/main/config.yml: no such file or directory" func="config.go:43" file="github.com/ohdaddyplease/notes/api_service/internal/config.GetConfig.func1()"
time="2022-11-27T18:57:17+03:00" level=info func="config.go:42" file="github.com/ohdaddyplease/notes/api_service/internal/config.GetConfig.func1()"
time="2022-11-27T18:57:17+03:00" level=fatal msg="open config.yml: no such file or directory" func="config.go:43" file="github.com/ohdaddyplease/notes/api_service/internal/config.GetConfig.func1()"
time="2022-11-27T18:58:15+03:00" level=info msg="start application" func="app.go:61" file="main.main()"
time="2022-11-27T18:58:15+03:00" level=info msg="bind application to host: 0.0.0.0 and port: 10000" func="app.go:82" file="main.start()"
time="2022-11-27T18:58:15+03:00" level=info msg="application inited and started" func="app.go:101" file="main.start()"
time="2022-11-27T18:58:30+03:00" level=info msg="Caught signal interrupt. Shutting down..." func="shutdown.go:17" file="github.com/ohdaddyplease/notes/api_service/pkg/shutdown.Graceful()"
time="2022-11-27T18:58:30+03:00" level=warning msg="server shutdown" func="app.go:106" file="main.start()"
time="2022-11-27T19:02:27+03:00" level=info func="config.go:42" file="github.com/ohdaddyplease/notes/api_service/internal/config.GetConfig.func1()"
time="2022-11-27T19:02:27+03:00" level=fatal msg="open config.yml: no such file or directory" func="config.go:43" file="github.com/ohdaddyplease/notes/api_service/internal/config.GetConfig.func1()"
time="2022-11-27T19:03:10+03:00" level=info func="config.go:42" file="github.com/ohdaddyplease/notes/api_service/internal/config.GetConfig.func1()"
time="2022-11-27T19:03:10+03:00" level=fatal msg="open config.yml: no such file or directory" func="config.go:43" file="github.com/ohdaddyplease/notes/api_service/internal/config.GetConfig.func1()"
time="2022-11-27T19:11:16+03:00" level=info msg="start application" func="app.go:61" file="main.main()"
time="2022-11-27T19:11:16+03:00" level=info msg="bind application to host: 0.0.0.0 and port: 10000" func="app.go:82" file="main.start()"
time="2022-11-27T19:11:16+03:00" level=info msg="application inited and started" func="app.go:101" file="main.start()"
time="2022-11-27T19:11:27+03:00" level=info msg="Caught signal interrupt. Shutting down..." func="shutdown.go:17" file="github.com/ohdaddyplease/notes/api_service/pkg/shutdown.Graceful()"
time="2022-11-27T19:11:27+03:00" level=warning msg="server shutdown" func="app.go:106" file="main.start()"
